2020-08-19 16:10:14	IP:	thread:main	USER:	message:Cluster created with settings {hosts=[localhost:27017], mode=SINGLE, requiredClusterType=UNKNOWN, serverSelectionTimeout='30000 ms', maxWaitQueueSize=500}
2020-08-19 16:10:14	IP:	thread:main	USER:	message:No server chosen by ReadPreferenceServerSelector{readPreference=primary} from cluster description ClusterDescription{type=UNKNOWN, connectionMode=SINGLE, all=[ServerDescription{address=localhost:27017, type=UNKNOWN, state=CONNECTING}]}. Waiting for 30000 ms before timing out
2020-08-19 16:10:14	IP:	thread:cluster-ClusterId{value='5f3cde66497d971890a27455', description='null'}-localhost:27017	USER:	message:Opened connection [connectionId{localValue:1, serverValue:11}] to localhost:27017
2020-08-19 16:10:14	IP:	thread:cluster-ClusterId{value='5f3cde66497d971890a27455', description='null'}-localhost:27017	USER:	message:Monitor thread successfully connected to server with description ServerDescription{address=localhost:27017, type=STANDALONE, state=CONNECTED, ok=true, version=ServerVersion{versionList=[4, 2, 6]}, minWireVersion=0, maxWireVersion=8, electionId=null, maxDocumentSize=16777216, roundTripTimeNanos=959600}
2020-08-19 16:10:14	IP:	thread:main	USER:	message:Opened connection [connectionId{localValue:2, serverValue:12}] to localhost:27017
2020-08-19 16:22:06	IP:	thread:main	USER:	message:Cluster created with settings {hosts=[localhost:27017], mode=SINGLE, requiredClusterType=UNKNOWN, serverSelectionTimeout='30000 ms', maxWaitQueueSize=500}
2020-08-19 16:22:06	IP:	thread:cluster-ClusterId{value='5f3ce12e497d9743342f7c16', description='null'}-localhost:27017	USER:	message:Opened connection [connectionId{localValue:1, serverValue:13}] to localhost:27017
2020-08-19 16:22:06	IP:	thread:cluster-ClusterId{value='5f3ce12e497d9743342f7c16', description='null'}-localhost:27017	USER:	message:Monitor thread successfully connected to server with description ServerDescription{address=localhost:27017, type=STANDALONE, state=CONNECTED, ok=true, version=ServerVersion{versionList=[4, 2, 6]}, minWireVersion=0, maxWireVersion=8, electionId=null, maxDocumentSize=16777216, roundTripTimeNanos=1113000}
2020-08-19 16:23:13	IP:	thread:main	USER:	message:Cluster created with settings {hosts=[localhost:27017], mode=SINGLE, requiredClusterType=UNKNOWN, serverSelectionTimeout='30000 ms', maxWaitQueueSize=500}
2020-08-19 16:23:13	IP:	thread:cluster-ClusterId{value='5f3ce171497d974bb0946eff', description='null'}-localhost:27017	USER:	message:Opened connection [connectionId{localValue:1, serverValue:14}] to localhost:27017
2020-08-19 16:23:13	IP:	thread:cluster-ClusterId{value='5f3ce171497d974bb0946eff', description='null'}-localhost:27017	USER:	message:Monitor thread successfully connected to server with description ServerDescription{address=localhost:27017, type=STANDALONE, state=CONNECTED, ok=true, version=ServerVersion{versionList=[4, 2, 6]}, minWireVersion=0, maxWireVersion=8, electionId=null, maxDocumentSize=16777216, roundTripTimeNanos=907800}
2020-08-19 16:26:25	IP:	thread:main	USER:	message:Cluster created with settings {hosts=[localhost:27017], mode=SINGLE, requiredClusterType=UNKNOWN, serverSelectionTimeout='30000 ms', maxWaitQueueSize=500}
2020-08-19 16:26:25	IP:	thread:main	USER:	message:No server chosen by ReadPreferenceServerSelector{readPreference=primary} from cluster description ClusterDescription{type=UNKNOWN, connectionMode=SINGLE, all=[ServerDescription{address=localhost:27017, type=UNKNOWN, state=CONNECTING}]}. Waiting for 30000 ms before timing out
2020-08-19 16:26:25	IP:	thread:cluster-ClusterId{value='5f3ce231497d9749741facc6', description='null'}-localhost:27017	USER:	message:Opened connection [connectionId{localValue:1, serverValue:15}] to localhost:27017
2020-08-19 16:26:25	IP:	thread:cluster-ClusterId{value='5f3ce231497d9749741facc6', description='null'}-localhost:27017	USER:	message:Monitor thread successfully connected to server with description ServerDescription{address=localhost:27017, type=STANDALONE, state=CONNECTED, ok=true, version=ServerVersion{versionList=[4, 2, 6]}, minWireVersion=0, maxWireVersion=8, electionId=null, maxDocumentSize=16777216, roundTripTimeNanos=1039000}
2020-08-19 16:26:25	IP:	thread:main	USER:	message:Opened connection [connectionId{localValue:2, serverValue:16}] to localhost:27017
2020-08-19 16:26:58	IP:	thread:main	USER:	message:Cluster created with settings {hosts=[localhost:27017], mode=SINGLE, requiredClusterType=UNKNOWN, serverSelectionTimeout='30000 ms', maxWaitQueueSize=500}
2020-08-19 16:26:58	IP:	thread:cluster-ClusterId{value='5f3ce252497d9741645db4d0', description='null'}-localhost:27017	USER:	message:Opened connection [connectionId{localValue:1, serverValue:17}] to localhost:27017
2020-08-19 16:26:58	IP:	thread:cluster-ClusterId{value='5f3ce252497d9741645db4d0', description='null'}-localhost:27017	USER:	message:Monitor thread successfully connected to server with description ServerDescription{address=localhost:27017, type=STANDALONE, state=CONNECTED, ok=true, version=ServerVersion{versionList=[4, 2, 6]}, minWireVersion=0, maxWireVersion=8, electionId=null, maxDocumentSize=16777216, roundTripTimeNanos=966900}
2020-08-19 16:26:58	IP:	thread:main	USER:	message:Opened connection [connectionId{localValue:2, serverValue:18}] to localhost:27017
2020-08-19 16:28:30	IP:	thread:main	USER:	message:Cluster created with settings {hosts=[localhost:27017], mode=SINGLE, requiredClusterType=UNKNOWN, serverSelectionTimeout='30000 ms', maxWaitQueueSize=500}
2020-08-19 16:28:30	IP:	thread:cluster-ClusterId{value='5f3ce2ae497d9745e4bbc735', description='null'}-localhost:27017	USER:	message:Opened connection [connectionId{localValue:1, serverValue:19}] to localhost:27017
2020-08-19 16:28:30	IP:	thread:cluster-ClusterId{value='5f3ce2ae497d9745e4bbc735', description='null'}-localhost:27017	USER:	message:Monitor thread successfully connected to server with description ServerDescription{address=localhost:27017, type=STANDALONE, state=CONNECTED, ok=true, version=ServerVersion{versionList=[4, 2, 6]}, minWireVersion=0, maxWireVersion=8, electionId=null, maxDocumentSize=16777216, roundTripTimeNanos=1266400}
2020-08-19 16:28:30	IP:	thread:main	USER:	message:Opened connection [connectionId{localValue:2, serverValue:20}] to localhost:27017
2020-08-19 16:29:11	IP:	thread:main	USER:	message:Cluster created with settings {hosts=[localhost:27017], mode=SINGLE, requiredClusterType=UNKNOWN, serverSelectionTimeout='30000 ms', maxWaitQueueSize=500}
2020-08-19 16:29:11	IP:	thread:cluster-ClusterId{value='5f3ce2d7497d9748c82ff4ce', description='null'}-localhost:27017	USER:	message:Opened connection [connectionId{localValue:1, serverValue:21}] to localhost:27017
2020-08-19 16:29:11	IP:	thread:cluster-ClusterId{value='5f3ce2d7497d9748c82ff4ce', description='null'}-localhost:27017	USER:	message:Monitor thread successfully connected to server with description ServerDescription{address=localhost:27017, type=STANDALONE, state=CONNECTED, ok=true, version=ServerVersion{versionList=[4, 2, 6]}, minWireVersion=0, maxWireVersion=8, electionId=null, maxDocumentSize=16777216, roundTripTimeNanos=931700}
2020-08-19 16:29:11	IP:	thread:main	USER:	message:Opened connection [connectionId{localValue:2, serverValue:22}] to localhost:27017
